2025-12-06 04:51:28,514 3280 INFO ? odoo: Odoo version 18.0 
2025-12-06 04:51:28,514 3280 INFO ? odoo: Using configuration file at D:\odoo-space\odoo-material\odoo\odoo.conf 
2025-12-06 04:51:28,514 3280 INFO ? odoo: addons paths: ['D:\\odoo-space\\odoo-material\\odoo\\odoo\\addons', 'c:\\users\\win\\appdata\\local\\openerp s.a\\odoo\\addons\\18.0', 'd:\\odoo-space\\odoo-material\\odoo\\addons', 'd:\\odoo-space\\odoo-material\\odoo\\custom_addons', 'd:\\odoo-space\\odoo-material\\odoo\\odoo\\addons'] 
2025-12-06 04:51:28,521 3280 INFO ? odoo: database: admin@localhost:5432 
2025-12-06 04:51:28,676 3280 INFO ? odoo.addons.base.models.ir_actions_report: You need Wkhtmltopdf to print a pdf version of the reports. 
2025-12-06 04:51:28,690 3280 INFO ? odoo.addons.base.models.ir_actions_report: You need Wkhtmltoimage to generate images from html. 
2025-12-06 04:51:29,055 3280 INFO highland_coffee odoo.modules.loading: loading 1 modules... 
2025-12-06 04:51:29,074 3280 INFO highland_coffee odoo.modules.loading: 1 modules loaded in 0.02s, 0 queries (+0 extra) 
2025-12-06 04:51:29,089 3280 INFO highland_coffee odoo.modules.loading: updating modules list 
2025-12-06 04:51:29,089 3280 INFO highland_coffee odoo.addons.base.models.ir_module: ALLOW access to module.update_list on [] to user __system__ #1 via n/a 
2025-12-06 04:51:30,054 3280 INFO highland_coffee odoo.addons.base.models.ir_module: ALLOW access to module.button_upgrade on ['Highland Training'] to user __system__ #1 via n/a 
2025-12-06 04:51:30,055 3280 INFO highland_coffee odoo.addons.base.models.ir_module: ALLOW access to module.update_list on ['Highland Training'] to user __system__ #1 via n/a 
2025-12-06 04:51:30,572 3280 INFO highland_coffee odoo.addons.base.models.ir_module: ALLOW access to module.button_install on [] to user __system__ #1 via n/a 
2025-12-06 04:51:30,606 3280 INFO highland_coffee odoo.modules.loading: loading 36 modules... 
2025-12-06 04:51:31,134 3280 INFO highland_coffee odoo.modules.loading: Loading module highland_training (33/36) 
2025-12-06 04:51:31,207 3280 WARNING highland_coffee py.warnings: D:\odoo-space\odoo-material\odoo\odoo\api.py:466: DeprecationWarning: The model odoo.addons.highland_training.models.training_request is not overriding the create method in batch
  File "D:\odoo-space\odoo-material\odoo\odoo-bin", line 7, in <module>
    odoo.cli.main()
  File "D:\odoo-space\odoo-material\odoo\odoo\cli\command.py", line 66, in main
    o.run(args)
  File "D:\odoo-space\odoo-material\odoo\odoo\cli\server.py", line 180, in run
    main(args)
  File "D:\odoo-space\odoo-material\odoo\odoo\cli\server.py", line 173, in main
    rc = odoo.service.server.start(preload=preload, stop=stop)
  File "D:\odoo-space\odoo-material\odoo\odoo\service\server.py", line 1414, in start
    rc = server.run(preload, stop)
  File "D:\odoo-space\odoo-material\odoo\odoo\service\server.py", line 581, in run
    rc = preload_registries(preload)
  File "D:\odoo-space\odoo-material\odoo\odoo\service\server.py", line 1318, in preload_registries
    registry = Registry.new(dbname, update_module=update_module)
  File "D:\odoo-space\python\Lib\site-packages\decorator.py", line 232, in fun
    return caller(func, *(extras + args), **kw)
  File "D:\odoo-space\odoo-material\odoo\odoo\tools\func.py", line 97, in locked
    return func(inst, *args, **kwargs)
  File "D:\odoo-space\odoo-material\odoo\odoo\modules\registry.py", line 127, in new
    odoo.modules.load_modules(registry, force_demo, status, update_module)
  File "D:\odoo-space\odoo-material\odoo\odoo\modules\loading.py", line 476, in load_modules
    processed_modules += load_marked_modules(env, graph,
  File "D:\odoo-space\odoo-material\odoo\odoo\modules\loading.py", line 364, in load_marked_modules
    loaded, processed = load_module_graph(
  File "D:\odoo-space\odoo-material\odoo\odoo\modules\loading.py", line 185, in load_module_graph
    load_openerp_module(package.name)
  File "D:\odoo-space\odoo-material\odoo\odoo\modules\module.py", line 384, in load_openerp_module
    __import__(qualname)
  File "d:\odoo-space\odoo-material\odoo\custom_addons\highland_training\__init__.py", line 2, in <module>
    from . import models
  File "d:\odoo-space\odoo-material\odoo\custom_addons\highland_training\models\__init__.py", line 6, in <module>
    from . import training_request
  File "d:\odoo-space\odoo-material\odoo\custom_addons\highland_training\models\training_request.py", line 4, in <module>
    class TrainingRequest(models.Model):
  File "d:\odoo-space\odoo-material\odoo\custom_addons\highland_training\models\training_request.py", line 28, in TrainingRequest
    @api.model
  File "D:\odoo-space\odoo-material\odoo\odoo\api.py", line 429, in model
    return model_create_single(method)
  File "D:\odoo-space\odoo-material\odoo\odoo\api.py", line 466, in model_create_single
    warnings.warn(
 
2025-12-06 04:51:31,255 3280 INFO highland_coffee odoo.modules.registry: module highland_training: creating or updating database tables 
2025-12-06 04:51:31,379 3280 INFO highland_coffee odoo.modules.loading: loading highland_training/security/security.xml 
2025-12-06 04:51:31,488 3280 INFO highland_coffee odoo.modules.loading: loading highland_training/security/ir.model.access.csv 
2025-12-06 04:51:31,522 3280 INFO highland_coffee odoo.modules.loading: loading highland_training/data/sequence.xml 
2025-12-06 04:51:31,538 3280 INFO highland_coffee odoo.modules.loading: loading highland_training/data/default_user_access.xml 
2025-12-06 04:51:31,538 3280 INFO highland_coffee odoo.modules.loading: loading highland_training/views/course_views.xml 
2025-12-06 04:51:31,579 3280 INFO highland_coffee odoo.modules.loading: loading highland_training/views/content_views.xml 
2025-12-06 04:51:31,588 3280 INFO highland_coffee odoo.modules.loading: loading highland_training/views/question_views.xml 
2025-12-06 04:51:31,605 3280 INFO highland_coffee odoo.modules.loading: loading highland_training/views/checklist_views.xml 
2025-12-06 04:51:31,621 3280 INFO highland_coffee odoo.modules.loading: loading highland_training/views/training_request_views.xml 
2025-12-06 04:51:31,622 3280 INFO highland_coffee odoo.modules.loading: loading highland_training/views/training_plan_views.xml 
2025-12-06 04:51:31,640 3280 INFO highland_coffee odoo.modules.loading: loading highland_training/views/enrollment_views.xml 
2025-12-06 04:51:31,679 3280 INFO highland_coffee odoo.modules.loading: loading highland_training/views/exam_views.xml 
2025-12-06 04:51:31,705 3280 INFO highland_coffee odoo.modules.loading: loading highland_training/views/certificate_views.xml 
2025-12-06 04:51:31,722 3280 INFO highland_coffee odoo.modules.loading: loading highland_training/views/report_views.xml 
2025-12-06 04:51:31,755 3280 INFO highland_coffee odoo.modules.loading: loading highland_training/views/manager_views.xml 
2025-12-06 04:51:31,772 3280 INFO highland_coffee odoo.modules.loading: loading highland_training/views/menu.xml 
2025-12-06 04:51:31,838 3280 INFO highland_coffee odoo.modules.loading: loading highland_training/security/rules.xml 
2025-12-06 04:51:31,881 3280 INFO highland_coffee odoo.modules.loading: Module highland_training loaded in 0.75s, 818 queries (+818 other) 
2025-12-06 04:51:31,888 3280 INFO highland_coffee odoo.modules.loading: 36 modules loaded in 1.28s, 818 queries (+818 extra) 
2025-12-06 04:51:32,480 3280 INFO highland_coffee odoo.modules.loading: Modules loaded. 
2025-12-06 04:51:32,489 3280 INFO highland_coffee odoo.modules.registry: Registry changed, signaling through the database 
2025-12-06 04:51:32,489 3280 INFO highland_coffee odoo.modules.registry: Registry loaded in 3.495s 
2025-12-06 04:51:32,489 3280 INFO highland_coffee odoo.service.server: Initiating shutdown 
2025-12-06 04:51:32,489 3280 INFO highland_coffee odoo.service.server: Hit CTRL-C again or send a second signal to force the shutdown. 
2025-12-06 04:51:32,489 3280 INFO highland_coffee odoo.sql_db: ConnectionPool(read/write;used=0/count=0/max=64): Closed 1 connections  
